<?xml version="1.0" encoding="UTF-8"?>
<testsuite xmlns:xsi="http://www.w3.org/2001/XMLSchema-instance" xsi:noNamespaceSchemaLocation="https://maven.apache.org/surefire/maven-surefire-plugin/xsd/surefire-test-report.xsd" version="3.0.2" name="com.meridian.user_management_system.UserManagementSystemApplicationTests" time="19.778" tests="1" errors="0" skipped="0" failures="0">
  <properties>
[...]
</properties>
  <testcase name="contextLoads" classname="com.meridian.user_management_system.UserManagementSystemApplicationTests" time="0.597">
    <system-out><![CDATA[10:17:59.914 [main] INFO org.springframework.test.context.support.AnnotationConfigContextLoaderUtils -- Could not detect default configuration classes for test class [com.meridian.user_management_system.UserManagementSystemApplicationTests]: UserManagementSystemApplicationTests does not declare any static, non-private, non-final, nested classes annotated with @Configuration.
10:18:00.067 [main] INFO org.springframework.boot.test.context.SpringBootTestContextBootstrapper -- Found @SpringBootConfiguration com.meridian.user_management_system.UserManagementSystemApplication for test class com.meridian.user_management_system.UserManagementSystemApplicationTests
10:18:00.304 [main] INFO org.springframework.boot.devtools.restart.RestartApplicationListener -- Restart disabled due to context in which it is running

  .   ____          _            __ _ _
 /\\ / ___'_ __ _ _(_)_ __  __ _ \ \ \ \
( ( )\___ | '_ | '_| | '_ \/ _` | \ \ \ \
 \\/  ___)| |_)| | | | | || (_| |  ) ) ) )
  '  |____| .__|_| |_|_| |_\__, | / / / /
 =========|_|==============|___/=/_/_/_/

 :: Spring Boot ::                (v3.4.0)

2025-01-02T10:18:00.694+05:30  INFO 18900 --- [user-management-system] [           main] m.u.UserManagementSystemApplicationTests : Starting UserManagementSystemApplicationTests using Java 21.0.4 with PID 18900 (started by merid in C:\Users\merid\OneDrive\Documents\Aminah\user_mngt-zip)
2025-01-02T10:18:00.696+05:30  INFO 18900 --- [user-management-system] [           main] m.u.UserManagementSystemApplicationTests : No active profile set, falling back to 1 default profile: "default"
2025-01-02T10:18:01.665+05:30  INFO 18900 --- [user-management-system] [           main] .s.d.r.c.RepositoryConfigurationDelegate : Bootstrapping Spring Data JPA repositories in DEFAULT mode.
2025-01-02T10:18:01.772+05:30  INFO 18900 --- [user-management-system] [           main] .s.d.r.c.RepositoryConfigurationDelegate : Finished Spring Data repository scanning in 93 ms. Found 4 JPA repository interfaces.
2025-01-02T10:18:02.436+05:30  INFO 18900 --- [user-management-system] [           main] o.hibernate.jpa.internal.util.LogHelper  : HHH000204: Processing PersistenceUnitInfo [name: default]
2025-01-02T10:18:02.588+05:30  INFO 18900 --- [user-management-system] [           main] org.hibernate.Version                    : HHH000412: Hibernate ORM core version 6.6.2.Final
2025-01-02T10:18:02.641+05:30  INFO 18900 --- [user-management-system] [           main] o.h.c.internal.RegionFactoryInitiator    : HHH000026: Second-level cache disabled
2025-01-02T10:18:03.142+05:30  INFO 18900 --- [user-management-system] [           main] o.s.o.j.p.SpringPersistenceUnitInfo      : No LoadTimeWeaver setup: ignoring JPA class transformer
2025-01-02T10:18:03.196+05:30  INFO 18900 --- [user-management-system] [           main] com.zaxxer.hikari.HikariDataSource       : HikariPool-1 - Starting...
2025-01-02T10:18:05.847+05:30  INFO 18900 --- [user-management-system] [           main] com.zaxxer.hikari.pool.HikariPool        : HikariPool-1 - Added connection org.postgresql.jdbc.PgConnection@17d816b3
2025-01-02T10:18:05.850+05:30  INFO 18900 --- [user-management-system] [           main] com.zaxxer.hikari.HikariDataSource       : HikariPool-1 - Start completed.
2025-01-02T10:18:06.143+05:30  WARN 18900 --- [user-management-system] [           main] org.hibernate.orm.deprecation            : HHH90000025: PostgreSQLDialect does not need to be specified explicitly using 'hibernate.dialect' (remove the property setting and it will be selected by default)
2025-01-02T10:18:06.657+05:30  INFO 18900 --- [user-management-system] [           main] org.hibernate.orm.connections.pooling    : HHH10001005: Database info:
	Database JDBC URL [Connecting through datasource 'HikariDataSource (HikariPool-1)']
	Database driver: undefined/unknown
	Database version: 16.4
	Autocommit mode: undefined/unknown
	Isolation level: undefined/unknown
	Minimum pool size: undefined/unknown
	Maximum pool size: undefined/unknown
2025-01-02T10:18:08.111+05:30  INFO 18900 --- [user-management-system] [           main] o.h.e.t.j.p.i.JtaPlatformInitiator       : HHH000489: No JTA platform available (set 'hibernate.transaction.jta.platform' to enable JTA platform integration)
2025-01-02T10:18:14.783+05:30  INFO 18900 --- [user-management-system] [           main] j.LocalContainerEntityManagerFactoryBean : Initialized JPA EntityManagerFactory for persistence unit 'default'
2025-01-02T10:18:15.303+05:30  WARN 18900 --- [user-management-system] [           main] JpaBaseConfiguration$JpaWebConfiguration : spring.jpa.open-in-view is enabled by default. Therefore, database queries may be performed during view rendering. Explicitly configure spring.jpa.open-in-view to disable this warning
2025-01-02T10:18:15.350+05:30  INFO 18900 --- [user-management-system] [           main] r$InitializeUserDetailsManagerConfigurer : Global AuthenticationManager configured with UserDetailsService bean with name customUserDetailsService
2025-01-02T10:18:16.281+05:30  INFO 18900 --- [user-management-system] [           main] m.u.UserManagementSystemApplicationTests : Started UserManagementSystemApplicationTests in 15.996 seconds (process running for 17.596)
Hibernate: 
    select
        p1_0.id,
        p1_0.name 
    from
        permission p1_0 
    where
        p1_0.name=?
Hibernate: 
    select
        p1_0.id,
        p1_0.name 
    from
        permission p1_0 
    where
        p1_0.name=?
Hibernate: 
    select
        r1_0.id,
        r1_0.name 
    from
        role r1_0 
    where
        r1_0.name=?
Hibernate: 
    select
        r1_0.id,
        r1_0.name 
    from
        role r1_0 
    where
        r1_0.name=?
Hibernate: 
    select
        u1_0.id,
        u1_0.email,
        u1_0.enabled,
        u1_0.password,
        u1_0.username 
    from
        "user" u1_0 
    where
        u1_0.email=?
Hibernate: 
    select
        r1_0.user_id,
        r1_1.id,
        r1_1.name 
    from
        user_roles r1_0 
    join
        role r1_1 
            on r1_1.id=r1_0.role_id 
    where
        r1_0.user_id=?
Hibernate: 
    select
        p1_0.role_id,
        p1_1.id,
        p1_1.name 
    from
        role_permissions p1_0 
    join
        permission p1_1 
            on p1_1.id=p1_0.permission_id 
    where
        p1_0.role_id=?
Hibernate: 
    select
        p1_0.user_id,
        p1_1.id,
        p1_1.name 
    from
        user_permissions p1_0 
    join
        permission p1_1 
            on p1_1.id=p1_0.permission_id 
    where
        p1_0.user_id=?
]]></system-out>
    <system-err><![CDATA[Mockito is currently self-attaching to enable the inline-mock-maker. This will no longer work in future releases of the JDK. Please add Mockito as an agent to your build what is described in Mockito's documentation: https://javadoc.io/doc/org.mockito/mockito-core/latest/org/mockito/Mockito.html#0.3
WARNING: A Java agent has been loaded dynamically (C:\Users\merid\.m2\repository\net\bytebuddy\byte-buddy-agent\1.15.10\byte-buddy-agent-1.15.10.jar)
WARNING: If a serviceability tool is in use, please run with -XX:+EnableDynamicAgentLoading to hide this warning
WARNING: If a serviceability tool is not in use, please run with -Djdk.instrument.traceUsage for more information
WARNING: Dynamic loading of agents will be disallowed by default in a future release
]]></system-err>
  </testcase>
</testsuite>